22-08-28 07:16:21 [debug] : Testing schema.} {"service":"form-filler-api"}
22-08-28 07:16:21 [debug] : Testing PDF form fill.} {"service":"form-filler-api"}
22-08-28 07:16:21 [info] : Processing form fill.} {"service":"form-filler-api"}
22-08-28 07:16:21 [info] : Success @ form fill.} {"service":"form-filler-api"}
22-08-28 07:17:34 [debug] : Testing PDF form fill.} {"service":"form-filler-api"}
22-08-28 07:17:34 [debug] : Testing schema.} {"service":"form-filler-api"}
22-08-28 07:17:34 [info] : Processing form fill.} {"service":"form-filler-api"}
22-08-28 07:17:34 [info] : Success @ form fill.} {"service":"form-filler-api"}
22-08-28 07:17:40 [debug] : Testing schema.} {"service":"form-filler-api"}
22-08-28 07:17:40 [debug] : Testing PDF form fill.} {"service":"form-filler-api"}
22-08-28 07:17:40 [info] : Processing form fill.} {"service":"form-filler-api"}
22-08-28 07:17:40 [info] : Success @ form fill.} {"service":"form-filler-api"}
22-08-28 07:21:32 [debug] : Testing schema.} {"service":"form-filler-api"}
22-08-28 07:21:32 [debug] : Testing PDF form fill.} {"service":"form-filler-api"}
22-08-28 07:21:32 [info] : Processing form fill.} {"service":"form-filler-api"}
22-08-28 07:21:33 [info] : Success @ form fill.} {"service":"form-filler-api"}
22-08-28 07:21:49 [debug] : Testing schema.} {"service":"form-filler-api"}
22-08-28 07:21:50 [debug] : Testing PDF form fill.} {"service":"form-filler-api"}
22-08-28 07:21:50 [info] : Processing form fill.} {"service":"form-filler-api"}
22-08-28 07:21:50 [info] : Success @ form fill.} {"service":"form-filler-api"}
22-08-28 07:22:21 [debug] : Testing PDF form fill.} {"service":"form-filler-api"}
22-08-28 07:22:21 [info] : Processing form fill.} {"service":"form-filler-api"}
22-08-28 07:22:21 [info] : Success @ form fill.} {"service":"form-filler-api"}
22-08-28 07:27:19 [debug] : Testing schema.} {"service":"form-filler-api"}
22-08-28 07:27:19 [debug] : Testing PDF form fill.} {"service":"form-filler-api"}
22-08-28 07:27:19 [info] : Processing form fill.} {"service":"form-filler-api"}
22-08-28 07:27:19 [info] : Success @ form fill.} {"service":"form-filler-api"}
22-08-28 07:28:02 [debug] : Testing schema.} {"service":"form-filler-api"}
22-08-28 07:28:02 [debug] : Testing PDF form fill.} {"service":"form-filler-api"}
22-08-28 07:28:02 [info] : Processing form fill.} {"service":"form-filler-api"}
22-08-28 07:28:02 [info] : Success @ form fill.} {"service":"form-filler-api"}
22-08-28 07:29:23 [debug] : Testing schema.} {"service":"form-filler-api"}
22-08-28 07:29:23 [debug] : Testing PDF form fill.} {"service":"form-filler-api"}
22-08-28 07:29:23 [info] : Processing form fill.} {"service":"form-filler-api"}
22-08-28 07:29:24 [info] : Success @ form fill.} {"service":"form-filler-api"}
22-08-28 07:29:40 [debug] : Testing PDF form fill.} {"service":"form-filler-api"}
22-08-28 07:29:40 [info] : Processing form fill.} {"service":"form-filler-api"}
22-08-28 07:29:40 [info] : Success @ form fill.} {"service":"form-filler-api"}
22-08-28 07:30:11 [debug] : Testing PDF form fill.} {"service":"form-filler-api"}
22-08-28 07:30:11 [debug] : Testing schema.} {"service":"form-filler-api"}
22-08-28 07:30:11 [info] : Processing form fill.} {"service":"form-filler-api"}
22-08-28 07:30:11 [info] : Success @ form fill.} {"service":"form-filler-api"}
22-08-28 07:30:14 [debug] : Testing PDF form fill.} {"service":"form-filler-api"}
22-08-28 07:30:14 [info] : Processing form fill.} {"service":"form-filler-api"}
22-08-28 07:30:15 [info] : Success @ form fill.} {"service":"form-filler-api"}
22-08-28 07:30:37 [debug] : Testing schema.} {"service":"form-filler-api"}
22-08-28 07:30:37 [debug] : Testing PDF form fill.} {"service":"form-filler-api"}
22-08-28 07:30:37 [info] : Processing form fill.} {"service":"form-filler-api"}
22-08-28 07:30:37 [info] : Success @ form fill.} {"service":"form-filler-api"}
22-08-28 07:30:51 [debug] : Testing PDF form fill.} {"service":"form-filler-api"}
22-08-28 07:30:51 [info] : Processing form fill.} {"service":"form-filler-api"}
22-08-28 07:30:51 [info] : Success @ form fill.} {"service":"form-filler-api"}
22-08-28 07:31:35 [debug] : Testing PDF form fill.} {"service":"form-filler-api"}
22-08-28 07:31:35 [debug] : Testing schema.} {"service":"form-filler-api"}
22-08-28 07:31:35 [info] : Processing form fill.} {"service":"form-filler-api"}
22-08-28 07:31:35 [info] : Success @ form fill.} {"service":"form-filler-api"}
22-08-28 07:31:50 [debug] : Testing PDF form fill.} {"service":"form-filler-api"}
22-08-28 07:31:50 [info] : Processing form fill.} {"service":"form-filler-api"}
22-08-28 07:31:51 [info] : Success @ form fill.} {"service":"form-filler-api"}
22-08-28 07:31:57 [debug] : Testing PDF form fill.} {"service":"form-filler-api"}
22-08-28 07:31:57 [info] : Processing form fill.} {"service":"form-filler-api"}
22-08-28 07:31:57 [info] : Success @ form fill.} {"service":"form-filler-api"}
22-08-28 07:33:20 [debug] : Testing PDF form fill.} {"service":"form-filler-api"}
22-08-28 07:33:20 [info] : Processing form fill.} {"service":"form-filler-api"}
22-08-28 07:33:20 [info] : Success @ form fill.} {"service":"form-filler-api"}
22-08-28 07:33:57 [debug] : Testing schema.} {"service":"form-filler-api"}
22-08-28 07:33:58 [debug] : Testing PDF form fill.} {"service":"form-filler-api"}
22-08-28 07:33:58 [info] : Processing form fill.} {"service":"form-filler-api"}
22-08-28 07:33:58 [info] : Success @ form fill.} {"service":"form-filler-api"}
22-08-28 07:34:49 [debug] : Testing schema.} {"service":"form-filler-api"}
22-08-28 07:34:49 [debug] : Testing PDF form fill.} {"service":"form-filler-api"}
22-08-28 07:34:49 [info] : Processing form fill.} {"service":"form-filler-api"}
22-08-28 07:34:50 [info] : Success @ form fill.} {"service":"form-filler-api"}
22-08-28 07:34:50 [debug] : Testing PDF form fill.} {"service":"form-filler-api"}
22-08-28 07:34:50 [info] : Processing form fill.} {"service":"form-filler-api"}
22-08-28 07:34:50 [info] : Success @ form fill.} {"service":"form-filler-api"}
22-08-28 07:35:05 [debug] : Testing schema.} {"service":"form-filler-api"}
22-08-28 07:35:05 [debug] : Testing PDF form fill.} {"service":"form-filler-api"}
22-08-28 07:35:05 [info] : Processing form fill.} {"service":"form-filler-api"}
22-08-28 07:35:05 [info] : Success @ form fill.} {"service":"form-filler-api"}
22-08-28 07:35:10 [debug] : Testing schema.} {"service":"form-filler-api"}
22-08-28 07:35:11 [debug] : Testing PDF form fill.} {"service":"form-filler-api"}
22-08-28 07:35:11 [info] : Processing form fill.} {"service":"form-filler-api"}
22-08-28 07:35:11 [info] : Success @ form fill.} {"service":"form-filler-api"}
22-08-28 07:36:12 [debug] : Testing schema.} {"service":"form-filler-api"}
22-08-28 07:36:13 [debug] : Testing PDF form fill.} {"service":"form-filler-api"}
22-08-28 07:36:13 [info] : Processing form fill.} {"service":"form-filler-api"}
22-08-28 07:36:13 [info] : Success @ form fill.} {"service":"form-filler-api"}
22-08-28 07:36:55 [debug] : Testing PDF form fill.} {"service":"form-filler-api"}
22-08-28 07:37:53 [info] : Processing form fill.} {"service":"form-filler-api"}
22-08-28 07:37:53 [info] : Success @ form fill.} {"service":"form-filler-api"}
22-08-28 07:38:23 [debug] : Testing schema.} {"service":"form-filler-api"}
22-08-28 07:38:23 [debug] : Testing PDF form fill.} {"service":"form-filler-api"}
22-08-28 07:38:23 [info] : Processing form fill.} {"service":"form-filler-api"}
22-08-28 07:38:23 [info] : Success @ form fill.} {"service":"form-filler-api"}
22-08-28 07:40:12 [debug] : Testing PDF form fill.} {"service":"form-filler-api"}
22-08-28 07:41:58 [debug] : Testing schema.} {"service":"form-filler-api"}
22-08-28 07:41:59 [debug] : Testing PDF form fill.} {"service":"form-filler-api"}
22-08-28 07:41:59 [info] : Processing form fill.} {"service":"form-filler-api"}
22-08-28 07:41:59 [info] : Success @ form fill.} {"service":"form-filler-api"}
22-08-28 07:42:07 [debug] : Testing schema.} {"service":"form-filler-api"}
22-08-28 07:42:07 [debug] : Testing PDF form fill.} {"service":"form-filler-api"}
22-08-28 07:42:07 [info] : Processing form fill.} {"service":"form-filler-api"}
22-08-28 07:42:08 [info] : Success @ form fill.} {"service":"form-filler-api"}
22-08-28 07:42:21 [debug] : Testing PDF form fill.} {"service":"form-filler-api"}
22-08-28 07:42:21 [info] : Processing form fill.} {"service":"form-filler-api"}
22-08-28 07:43:06 [info] : Success @ form fill.} {"service":"form-filler-api"}
22-08-28 07:43:37 [debug] : Testing PDF form fill.} {"service":"form-filler-api"}
22-08-28 07:43:37 [info] : Processing form fill.} {"service":"form-filler-api"}
22-08-28 07:43:38 [info] : Success @ form fill.} {"service":"form-filler-api"}
22-08-28 07:44:24 [debug] : Testing PDF form fill.} {"service":"form-filler-api"}
22-08-28 07:44:24 [info] : Processing form fill.} {"service":"form-filler-api"}
22-08-28 07:44:25 [info] : Success @ form fill.} {"service":"form-filler-api"}
22-08-28 08:00:30 [debug] : Testing schema.} {"service":"form-filler-api"}
22-08-28 08:00:30 [debug] : Testing PDF form fill.} {"service":"form-filler-api"}
22-08-28 08:00:30 [info] : Processing form fill.} {"service":"form-filler-api"}
22-08-28 08:00:31 [info] : Success @ form fill.} {"service":"form-filler-api"}
22-08-28 08:01:05 [debug] : Testing schema.} {"service":"form-filler-api"}
22-08-28 08:01:05 [debug] : Testing PDF form fill.} {"service":"form-filler-api"}
22-08-28 08:01:05 [info] : Processing form fill.} {"service":"form-filler-api"}
22-08-28 08:01:06 [info] : Success @ form fill.} {"service":"form-filler-api"}
22-08-28 08:05:16 [debug] : Testing schema.} {"service":"form-filler-api"}
22-08-28 08:05:43 [debug] : Testing schema.} {"service":"form-filler-api"}
22-08-28 08:05:43 [debug] : Testing PDF form fill.} {"service":"form-filler-api"}
22-08-28 08:05:43 [info] : Processing form fill.} {"service":"form-filler-api"}
22-08-28 08:05:43 [error] : formFill:Error: ENOENT: no such file or directory, open './fonts/UnderlineMonospace.ttf'} {"service":"form-filler-api"}
22-08-28 08:10:30 [debug] : Testing schema.} {"service":"form-filler-api"}
22-08-28 08:10:30 [debug] : Testing PDF form fill.} {"service":"form-filler-api"}
22-08-28 08:10:30 [info] : Processing form fill.} {"service":"form-filler-api"}
22-08-28 08:10:30 [error] : formFill:Error: ENOENT: no such file or directory, open './fonts/UnderlineMonospace.ttf'} {"service":"form-filler-api"}
22-08-28 08:13:51 [debug] : Testing schema.} {"service":"form-filler-api"}
22-08-28 08:13:51 [debug] : Testing PDF form fill.} {"service":"form-filler-api"}
22-08-28 08:13:51 [info] : Processing form fill.} {"service":"form-filler-api"}
22-08-28 08:13:52 [info] : Success @ form fill.} {"service":"form-filler-api"}
22-08-28 08:14:08 [debug] : Testing PDF form fill.} {"service":"form-filler-api"}
22-08-28 08:14:08 [info] : Processing form fill.} {"service":"form-filler-api"}
22-08-28 08:14:08 [info] : Success @ form fill.} {"service":"form-filler-api"}
22-08-28 08:15:19 [debug] : Testing schema.} {"service":"form-filler-api"}
22-08-28 08:15:19 [debug] : Testing PDF form fill.} {"service":"form-filler-api"}
22-08-28 08:15:19 [info] : Processing form fill.} {"service":"form-filler-api"}
22-08-28 08:15:19 [info] : Success @ form fill.} {"service":"form-filler-api"}
22-08-28 08:15:35 [debug] : Testing schema.} {"service":"form-filler-api"}
22-08-28 08:15:35 [debug] : Testing PDF form fill.} {"service":"form-filler-api"}
22-08-28 08:15:35 [info] : Processing form fill.} {"service":"form-filler-api"}
22-08-28 08:15:36 [info] : Success @ form fill.} {"service":"form-filler-api"}
22-08-28 08:18:55 [debug] : Testing schema.} {"service":"form-filler-api"}
22-08-28 08:18:56 [debug] : Testing PDF form fill.} {"service":"form-filler-api"}
22-08-28 08:18:56 [info] : Processing form fill.} {"service":"form-filler-api"}
22-08-28 08:18:56 [info] : Success @ form fill.} {"service":"form-filler-api"}
22-08-28 08:19:03 [debug] : Testing PDF form fill.} {"service":"form-filler-api"}
22-08-28 08:19:03 [info] : Processing form fill.} {"service":"form-filler-api"}
22-08-28 08:19:03 [info] : Success @ form fill.} {"service":"form-filler-api"}
22-08-28 08:19:11 [debug] : Testing PDF form fill.} {"service":"form-filler-api"}
22-08-28 08:19:11 [info] : Processing form fill.} {"service":"form-filler-api"}
22-08-28 08:19:12 [info] : Success @ form fill.} {"service":"form-filler-api"}
22-08-28 08:20:04 [debug] : Testing PDF form fill.} {"service":"form-filler-api"}
22-08-28 08:20:04 [info] : Processing form fill.} {"service":"form-filler-api"}
22-08-28 08:20:04 [info] : Success @ form fill.} {"service":"form-filler-api"}
22-08-28 08:20:53 [debug] : Testing schema.} {"service":"form-filler-api"}
22-08-28 08:20:53 [debug] : Testing PDF form fill.} {"service":"form-filler-api"}
22-08-28 08:20:53 [info] : Processing form fill.} {"service":"form-filler-api"}
22-08-28 08:20:53 [info] : Success @ form fill.} {"service":"form-filler-api"}
22-08-28 08:21:04 [debug] : Testing PDF form fill.} {"service":"form-filler-api"}
22-08-28 08:21:04 [info] : Processing form fill.} {"service":"form-filler-api"}
22-08-28 08:21:04 [info] : Success @ form fill.} {"service":"form-filler-api"}
22-08-28 08:21:35 [debug] : Testing schema.} {"service":"form-filler-api"}
22-08-28 08:21:35 [debug] : Testing PDF form fill.} {"service":"form-filler-api"}
22-08-28 08:21:35 [info] : Processing form fill.} {"service":"form-filler-api"}
22-08-28 08:21:35 [info] : Success @ form fill.} {"service":"form-filler-api"}
22-08-28 08:23:28 [debug] : Testing PDF form fill.} {"service":"form-filler-api"}
22-08-28 08:23:28 [info] : Processing form fill.} {"service":"form-filler-api"}
22-08-28 08:23:28 [info] : Success @ form fill.} {"service":"form-filler-api"}
22-08-28 08:31:09 [debug] : Testing schema.} {"service":"form-filler-api"}
22-08-28 08:31:09 [debug] : Testing PDF form fill.} {"service":"form-filler-api"}
22-08-28 08:31:09 [info] : Processing form fill.} {"service":"form-filler-api"}
22-08-28 08:31:09 [info] : Success @ form fill.} {"service":"form-filler-api"}
22-08-28 08:31:21 [debug] : Testing PDF form fill.} {"service":"form-filler-api"}
22-08-28 08:31:21 [info] : Processing form fill.} {"service":"form-filler-api"}
22-08-28 08:31:21 [info] : Success @ form fill.} {"service":"form-filler-api"}
22-08-28 08:32:37 [debug] : Testing schema.} {"service":"form-filler-api"}
22-08-28 08:32:37 [debug] : Testing PDF form fill.} {"service":"form-filler-api"}
22-08-28 08:32:37 [info] : Processing form fill.} {"service":"form-filler-api"}
22-08-28 08:32:38 [info] : Success @ form fill.} {"service":"form-filler-api"}
22-08-28 08:32:43 [debug] : Testing PDF form fill.} {"service":"form-filler-api"}
22-08-28 08:32:43 [info] : Processing form fill.} {"service":"form-filler-api"}
22-08-28 08:32:43 [info] : Success @ form fill.} {"service":"form-filler-api"}
22-08-28 08:33:02 [debug] : Testing PDF form fill.} {"service":"form-filler-api"}
22-08-28 08:33:02 [info] : Processing form fill.} {"service":"form-filler-api"}
22-08-28 08:33:03 [info] : Success @ form fill.} {"service":"form-filler-api"}
22-08-28 08:33:23 [debug] : Testing schema.} {"service":"form-filler-api"}
22-08-28 08:33:23 [debug] : Testing PDF form fill.} {"service":"form-filler-api"}
22-08-28 08:33:23 [info] : Processing form fill.} {"service":"form-filler-api"}
22-08-28 08:33:24 [info] : Success @ form fill.} {"service":"form-filler-api"}
22-08-28 08:33:33 [debug] : Testing PDF form fill.} {"service":"form-filler-api"}
22-08-28 08:33:33 [info] : Processing form fill.} {"service":"form-filler-api"}
22-08-28 08:33:33 [info] : Success @ form fill.} {"service":"form-filler-api"}
22-08-28 08:33:49 [debug] : Testing schema.} {"service":"form-filler-api"}
22-08-28 08:33:50 [debug] : Testing PDF form fill.} {"service":"form-filler-api"}
22-08-28 08:33:50 [info] : Processing form fill.} {"service":"form-filler-api"}
22-08-28 08:33:50 [info] : Success @ form fill.} {"service":"form-filler-api"}
22-08-28 08:33:56 [debug] : Testing PDF form fill.} {"service":"form-filler-api"}
22-08-28 08:33:56 [info] : Processing form fill.} {"service":"form-filler-api"}
22-08-28 08:33:56 [info] : Success @ form fill.} {"service":"form-filler-api"}
22-08-28 08:34:48 [debug] : Testing PDF form fill.} {"service":"form-filler-api"}
22-08-28 08:34:48 [info] : Processing form fill.} {"service":"form-filler-api"}
22-08-28 08:34:48 [info] : Success @ form fill.} {"service":"form-filler-api"}
22-08-28 08:35:29 [debug] : Testing schema.} {"service":"form-filler-api"}
22-08-28 08:35:29 [debug] : Testing PDF form fill.} {"service":"form-filler-api"}
22-08-28 08:35:29 [info] : Processing form fill.} {"service":"form-filler-api"}
22-08-28 08:35:29 [info] : Success @ form fill.} {"service":"form-filler-api"}
22-08-28 08:35:33 [debug] : Testing PDF form fill.} {"service":"form-filler-api"}
22-08-28 08:35:33 [info] : Processing form fill.} {"service":"form-filler-api"}
22-08-28 08:35:33 [info] : Success @ form fill.} {"service":"form-filler-api"}
22-08-28 08:35:46 [debug] : Testing schema.} {"service":"form-filler-api"}
22-08-28 08:35:46 [debug] : Testing PDF form fill.} {"service":"form-filler-api"}
22-08-28 08:35:46 [info] : Processing form fill.} {"service":"form-filler-api"}
22-08-28 08:35:46 [info] : Success @ form fill.} {"service":"form-filler-api"}
22-08-28 08:35:52 [debug] : Testing PDF form fill.} {"service":"form-filler-api"}
22-08-28 08:35:52 [info] : Processing form fill.} {"service":"form-filler-api"}
22-08-28 08:35:52 [info] : Success @ form fill.} {"service":"form-filler-api"}
22-08-28 08:36:08 [debug] : Testing schema.} {"service":"form-filler-api"}
22-08-28 08:36:08 [debug] : Testing PDF form fill.} {"service":"form-filler-api"}
22-08-28 08:36:09 [info] : Processing form fill.} {"service":"form-filler-api"}
22-08-28 08:36:09 [info] : Success @ form fill.} {"service":"form-filler-api"}
22-08-28 08:36:11 [debug] : Testing PDF form fill.} {"service":"form-filler-api"}
22-08-28 08:36:11 [info] : Processing form fill.} {"service":"form-filler-api"}
22-08-28 08:36:12 [info] : Success @ form fill.} {"service":"form-filler-api"}
22-08-28 08:36:17 [debug] : Testing PDF form fill.} {"service":"form-filler-api"}
22-08-28 08:36:17 [info] : Processing form fill.} {"service":"form-filler-api"}
22-08-28 08:36:18 [info] : Success @ form fill.} {"service":"form-filler-api"}
22-08-28 08:36:36 [debug] : Testing schema.} {"service":"form-filler-api"}
22-08-28 08:36:37 [debug] : Testing PDF form fill.} {"service":"form-filler-api"}
22-08-28 08:36:37 [info] : Processing form fill.} {"service":"form-filler-api"}
22-08-28 08:36:37 [info] : Success @ form fill.} {"service":"form-filler-api"}
22-08-28 08:36:46 [debug] : Testing PDF form fill.} {"service":"form-filler-api"}
22-08-28 08:36:46 [info] : Processing form fill.} {"service":"form-filler-api"}
22-08-28 08:36:46 [info] : Success @ form fill.} {"service":"form-filler-api"}
22-08-28 08:37:10 [debug] : Testing schema.} {"service":"form-filler-api"}
22-08-28 08:37:11 [debug] : Testing PDF form fill.} {"service":"form-filler-api"}
22-08-28 08:37:11 [info] : Processing form fill.} {"service":"form-filler-api"}
22-08-28 08:37:11 [info] : Success @ form fill.} {"service":"form-filler-api"}
22-08-28 08:37:16 [debug] : Testing PDF form fill.} {"service":"form-filler-api"}
22-08-28 08:37:16 [info] : Processing form fill.} {"service":"form-filler-api"}
22-08-28 08:37:17 [info] : Success @ form fill.} {"service":"form-filler-api"}
22-08-28 08:37:48 [debug] : Testing schema.} {"service":"form-filler-api"}
22-08-28 08:37:48 [debug] : Testing PDF form fill.} {"service":"form-filler-api"}
22-08-28 08:37:48 [info] : Processing form fill.} {"service":"form-filler-api"}
22-08-28 08:37:48 [info] : Success @ form fill.} {"service":"form-filler-api"}
22-08-28 08:37:54 [debug] : Testing PDF form fill.} {"service":"form-filler-api"}
22-08-28 08:37:54 [info] : Processing form fill.} {"service":"form-filler-api"}
22-08-28 08:37:54 [info] : Success @ form fill.} {"service":"form-filler-api"}
22-08-28 08:39:20 [debug] : Testing schema.} {"service":"form-filler-api"}
22-08-28 08:39:20 [debug] : Testing PDF form fill.} {"service":"form-filler-api"}
22-08-28 08:39:20 [info] : Processing form fill.} {"service":"form-filler-api"}
22-08-28 08:39:20 [info] : Success @ form fill.} {"service":"form-filler-api"}
22-08-28 08:39:26 [debug] : Testing PDF form fill.} {"service":"form-filler-api"}
22-08-28 08:39:26 [info] : Processing form fill.} {"service":"form-filler-api"}
22-08-28 08:39:26 [info] : Success @ form fill.} {"service":"form-filler-api"}
22-08-28 10:20:15 [debug] : Testing schema.} {"service":"form-filler-api"}
22-08-28 10:20:16 [debug] : Testing PDF form fill.} {"service":"form-filler-api"}
22-08-28 10:20:16 [info] : Processing form fill.} {"service":"form-filler-api"}
22-08-28 10:20:16 [info] : Success @ form fill.} {"service":"form-filler-api"}
22-08-28 10:24:04 [debug] : Testing PDF form fill.} {"service":"form-filler-api"}
22-08-28 10:24:04 [debug] : Testing schema.} {"service":"form-filler-api"}
22-08-28 10:24:04 [info] : Processing form fill.} {"service":"form-filler-api"}
22-08-28 10:24:04 [info] : Success @ form fill.} {"service":"form-filler-api"}
22-08-28 10:25:58 [debug] : Testing PDF form fill.} {"service":"form-filler-api"}
22-08-28 10:25:58 [debug] : Testing schema.} {"service":"form-filler-api"}
22-08-28 10:25:58 [info] : Processing form fill.} {"service":"form-filler-api"}
22-08-28 10:25:58 [info] : Success @ form fill.} {"service":"form-filler-api"}
22-08-28 10:26:23 [debug] : Testing schema.} {"service":"form-filler-api"}
22-08-28 10:26:23 [debug] : Testing PDF form fill.} {"service":"form-filler-api"}
22-08-28 10:26:23 [info] : Processing form fill.} {"service":"form-filler-api"}
22-08-28 10:26:23 [info] : Success @ form fill.} {"service":"form-filler-api"}
22-08-28 10:26:38 [debug] : Testing schema.} {"service":"form-filler-api"}
22-08-28 10:27:28 [debug] : Testing schema.} {"service":"form-filler-api"}
22-08-28 10:27:28 [debug] : Testing PDF form fill.} {"service":"form-filler-api"}
22-08-28 10:27:28 [info] : Processing form fill.} {"service":"form-filler-api"}
22-08-28 10:27:28 [info] : Success @ form fill.} {"service":"form-filler-api"}
22-08-28 10:33:05 [debug] : Testing schema.} {"service":"form-filler-api"}
22-08-28 10:33:05 [debug] : Testing PDF form fill.} {"service":"form-filler-api"}
22-08-28 10:33:05 [info] : Processing form fill.} {"service":"form-filler-api"}
22-08-28 10:33:06 [info] : Success @ form fill.} {"service":"form-filler-api"}
22-08-28 10:35:06 [debug] : Testing schema.} {"service":"form-filler-api"}
22-08-28 10:35:06 [debug] : Testing PDF form fill.} {"service":"form-filler-api"}
22-08-28 10:35:06 [info] : Processing form fill.} {"service":"form-filler-api"}
22-08-28 10:35:07 [info] : Success @ form fill.} {"service":"form-filler-api"}
22-08-28 10:40:46 [debug] : Testing schema.} {"service":"form-filler-api"}
22-08-28 10:40:46 [debug] : Testing PDF form fill.} {"service":"form-filler-api"}
22-08-28 10:40:46 [info] : Processing form fill.} {"service":"form-filler-api"}
22-08-28 10:40:46 [info] : Success @ form fill.} {"service":"form-filler-api"}
22-08-28 10:45:14 [debug] : Testing schema.} {"service":"form-filler-api"}
22-08-28 10:45:15 [debug] : Testing PDF form fill.} {"service":"form-filler-api"}
22-08-28 10:45:15 [info] : Processing form fill.} {"service":"form-filler-api"}
22-08-28 10:45:15 [info] : Success @ form fill.} {"service":"form-filler-api"}
22-08-28 10:49:37 [debug] : Testing schema.} {"service":"form-filler-api"}
22-08-28 10:49:38 [debug] : Testing PDF form fill.} {"service":"form-filler-api"}
22-08-28 10:49:38 [info] : Processing form fill.} {"service":"form-filler-api"}
22-08-28 10:49:38 [info] : Success @ form fill.} {"service":"form-filler-api"}
22-08-28 10:50:36 [debug] : Testing schema.} {"service":"form-filler-api"}
22-08-28 10:50:36 [debug] : Testing PDF form fill.} {"service":"form-filler-api"}
22-08-28 10:50:36 [info] : Processing form fill.} {"service":"form-filler-api"}
22-08-28 10:50:37 [info] : Success @ form fill.} {"service":"form-filler-api"}
22-08-28 10:51:47 [debug] : Testing schema.} {"service":"form-filler-api"}
22-08-28 10:51:47 [debug] : Testing PDF form fill.} {"service":"form-filler-api"}
22-08-28 10:51:47 [info] : Processing form fill.} {"service":"form-filler-api"}
22-08-28 10:51:48 [info] : Success @ form fill.} {"service":"form-filler-api"}
22-08-28 10:51:57 [debug] : Testing PDF form fill.} {"service":"form-filler-api"}
22-08-28 10:51:57 [info] : Processing form fill.} {"service":"form-filler-api"}
22-08-28 10:51:58 [info] : Success @ form fill.} {"service":"form-filler-api"}
22-08-28 10:57:14 [debug] : Testing schema.} {"service":"form-filler-api"}
22-08-28 10:59:08 [debug] : Testing schema.} {"service":"form-filler-api"}
22-08-28 11:00:32 [debug] : Testing schema.} {"service":"form-filler-api"}
22-08-28 11:02:46 [debug] : Testing schema.} {"service":"form-filler-api"}
22-08-28 11:03:06 [debug] : Testing schema.} {"service":"form-filler-api"}
22-08-28 11:04:34 [debug] : Testing schema.} {"service":"form-filler-api"}
22-08-28 11:09:52 [debug] : Testing schema.} {"service":"form-filler-api"}
22-08-28 11:11:55 [debug] : Testing schema.} {"service":"form-filler-api"}
22-08-28 11:12:53 [debug] : Testing PDF form fill.} {"service":"form-filler-api"}
22-08-28 11:14:18 [debug] : Testing schema.} {"service":"form-filler-api"}
22-08-28 11:14:19 [debug] : Testing PDF form fill.} {"service":"form-filler-api"}
22-08-28 11:14:19 [info] : Processing form fill.} {"service":"form-filler-api"}
22-08-28 11:14:19 [error] : formFill:Error: PDFDocument has no form field with the name "p_notWillful2"} {"service":"form-filler-api"}
22-08-28 11:14:20 [debug] : Testing PDF form fill.} {"service":"form-filler-api"}
22-08-28 11:14:20 [info] : Processing form fill.} {"service":"form-filler-api"}
22-08-28 11:14:20 [error] : formFill:Error: PDFDocument has no form field with the name "p_notWillful2"} {"service":"form-filler-api"}
22-08-28 11:14:21 [debug] : Testing PDF form fill.} {"service":"form-filler-api"}
22-08-28 11:14:21 [info] : Processing form fill.} {"service":"form-filler-api"}
22-08-28 11:14:22 [error] : formFill:Error: PDFDocument has no form field with the name "p_notWillful2"} {"service":"form-filler-api"}
22-08-28 11:14:23 [debug] : Testing PDF form fill.} {"service":"form-filler-api"}
22-08-28 11:14:27 [debug] : Testing PDF form fill.} {"service":"form-filler-api"}
22-08-28 11:14:27 [info] : Processing form fill.} {"service":"form-filler-api"}
22-08-28 11:14:27 [error] : formFill:Error: PDFDocument has no form field with the name "p_notWillful2"} {"service":"form-filler-api"}
22-08-28 11:15:18 [debug] : Testing schema.} {"service":"form-filler-api"}
22-08-28 11:15:19 [debug] : Testing PDF form fill.} {"service":"form-filler-api"}
22-08-28 11:15:19 [info] : Processing form fill.} {"service":"form-filler-api"}
22-08-28 11:15:19 [error] : formFill:Error: PDFDocument has no form field with the name "p_notWillful2"} {"service":"form-filler-api"}
22-08-28 11:15:20 [debug] : Testing PDF form fill.} {"service":"form-filler-api"}
22-08-28 11:15:20 [info] : Processing form fill.} {"service":"form-filler-api"}
22-08-28 11:15:20 [error] : formFill:Error: PDFDocument has no form field with the name "p_notWillful2"} {"service":"form-filler-api"}
22-08-28 11:15:22 [debug] : Testing PDF form fill.} {"service":"form-filler-api"}
22-08-28 11:15:22 [info] : Processing form fill.} {"service":"form-filler-api"}
22-08-28 11:15:22 [error] : formFill:Error: PDFDocument has no form field with the name "p_notWillful2"} {"service":"form-filler-api"}
22-08-28 11:15:23 [debug] : Testing PDF form fill.} {"service":"form-filler-api"}
22-08-28 11:15:23 [info] : Processing form fill.} {"service":"form-filler-api"}
22-08-28 11:15:23 [error] : formFill:Error: PDFDocument has no form field with the name "p_notWillful2"} {"service":"form-filler-api"}
22-08-28 11:19:30 [debug] : Testing PDF form fill.} {"service":"form-filler-api"}
22-08-28 11:19:30 [info] : Processing form fill.} {"service":"form-filler-api"}
22-08-28 11:19:30 [error] : formFill:Error: PDFDocument has no form field with the name "p_notWillful2"} {"service":"form-filler-api"}
22-08-28 11:44:34 [debug] : Testing PDF form fill.} {"service":"form-filler-api"}
22-08-28 11:44:34 [info] : Processing form fill.} {"service":"form-filler-api"}
22-08-28 11:44:34 [info] : Success @ form fill.} {"service":"form-filler-api"}
22-08-28 11:45:29 [debug] : Testing PDF form fill.} {"service":"form-filler-api"}
22-08-28 11:45:29 [info] : Processing form fill.} {"service":"form-filler-api"}
22-08-28 11:45:29 [error] : formFill:Error: PDFDocument has no form field with the name "p_notWillful2"} {"service":"form-filler-api"}
22-08-28 11:46:22 [debug] : Testing PDF form fill.} {"service":"form-filler-api"}
22-08-28 11:46:22 [info] : Processing form fill.} {"service":"form-filler-api"}
22-08-28 11:46:22 [error] : formFill:Error: PDFDocument has no form field with the name "p_notWillful2"} {"service":"form-filler-api"}
22-08-28 11:47:20 [debug] : Testing PDF form fill.} {"service":"form-filler-api"}
22-08-28 11:47:20 [info] : Processing form fill.} {"service":"form-filler-api"}
22-08-28 11:47:21 [error] : formFill:Error: PDFDocument has no form field with the name "p_notWillful2"} {"service":"form-filler-api"}
22-08-28 11:47:27 [debug] : Testing PDF form fill.} {"service":"form-filler-api"}
22-08-28 11:47:27 [info] : Processing form fill.} {"service":"form-filler-api"}
22-08-28 11:47:27 [error] : formFill:Error: PDFDocument has no form field with the name "p_notWillful2"} {"service":"form-filler-api"}
22-08-28 11:48:02 [debug] : Testing PDF form fill.} {"service":"form-filler-api"}
22-08-28 11:48:02 [info] : Processing form fill.} {"service":"form-filler-api"}
22-08-28 11:48:02 [error] : formFill:Error: PDFDocument has no form field with the name "p_notWillful2"} {"service":"form-filler-api"}
22-08-28 11:48:36 [debug] : Testing PDF form fill.} {"service":"form-filler-api"}
22-08-28 11:48:36 [info] : Processing form fill.} {"service":"form-filler-api"}
22-08-28 11:48:36 [error] : formFill:Error: PDFDocument has no form field with the name "p_notWillful2"} {"service":"form-filler-api"}
22-08-28 11:49:03 [debug] : Testing PDF form fill.} {"service":"form-filler-api"}
22-08-28 11:50:01 [debug] : Testing PDF form fill.} {"service":"form-filler-api"}
22-08-28 11:50:01 [info] : Processing form fill.} {"service":"form-filler-api"}
22-08-28 11:50:01 [error] : formFill:Error: PDFDocument has no form field with the name "p_notWillful2"} {"service":"form-filler-api"}
22-08-28 11:52:43 [debug] : Testing PDF form fill.} {"service":"form-filler-api"}
22-08-28 11:52:43 [info] : Processing form fill.} {"service":"form-filler-api"}
22-08-28 11:52:43 [info] : Success @ form fill.} {"service":"form-filler-api"}
22-08-28 11:53:25 [debug] : Testing PDF form fill.} {"service":"form-filler-api"}
22-08-28 11:53:25 [info] : Processing form fill.} {"service":"form-filler-api"}
22-08-28 11:53:26 [info] : Success @ form fill.} {"service":"form-filler-api"}
22-08-28 11:54:41 [debug] : Testing PDF form fill.} {"service":"form-filler-api"}
22-08-28 11:54:41 [info] : Processing form fill.} {"service":"form-filler-api"}
22-08-28 11:54:42 [info] : Success @ form fill.} {"service":"form-filler-api"}
22-08-28 11:55:09 [debug] : Testing PDF form fill.} {"service":"form-filler-api"}
22-08-28 11:55:09 [info] : Processing form fill.} {"service":"form-filler-api"}
22-08-28 11:55:10 [info] : Success @ form fill.} {"service":"form-filler-api"}
22-08-29 08:33:14 [debug] : Testing PDF form fill.} {"service":"form-filler-api"}
22-08-29 08:33:14 [debug] : Testing schema.} {"service":"form-filler-api"}
22-08-29 08:33:14 [info] : Processing form fill.} {"service":"form-filler-api"}
22-08-29 08:33:14 [info] : Success @ form fill.} {"service":"form-filler-api"}
22-09-04 10:47:58 [info] : Loaded environment configuration. Currently operating in dev environment.} {"service":"form-filler-api"}
22-09-04 10:47:59 [debug] : Listening on port 3000} {"service":"form-filler-api"}
22-09-04 11:01:14 [info] : Loaded environment configuration. Currently operating in dev environment.} {"service":"form-filler-api"}
22-09-04 11:01:14 [debug] : Listening on port 3000} {"service":"form-filler-api"}
22-09-04 11:01:22 [info] : Loaded environment configuration. Currently operating in dev environment.} {"service":"form-filler-api"}
22-09-04 11:01:22 [debug] : Listening on port 3000} {"service":"form-filler-api"}
22-09-04 11:01:32 [info] : Loaded environment configuration. Currently operating in dev environment.} {"service":"form-filler-api"}
22-09-04 11:01:32 [debug] : Listening on port 3000} {"service":"form-filler-api"}
22-09-04 11:04:58 [info] : Loaded environment configuration. Currently operating in dev environment.} {"service":"form-filler-api"}
22-09-04 11:04:59 [debug] : Listening on port 3000} {"service":"form-filler-api"}
22-09-04 11:05:17 [info] : Loaded environment configuration. Currently operating in dev environment.} {"service":"form-filler-api"}
22-09-04 11:05:17 [debug] : Listening on port 3000} {"service":"form-filler-api"}
22-09-04 11:06:13 [info] : Loaded environment configuration. Currently operating in dev environment.} {"service":"form-filler-api"}
22-09-04 11:06:14 [debug] : Listening on port 3000} {"service":"form-filler-api"}
22-09-04 11:07:39 [info] : Loaded environment configuration. Currently operating in dev environment.} {"service":"form-filler-api"}
22-09-04 11:07:39 [debug] : Listening on port 3000} {"service":"form-filler-api"}
22-09-04 11:10:59 [info] : Loaded environment configuration. Currently operating in dev environment.} {"service":"form-filler-api"}
22-09-04 11:16:51 [debug] : Listening on port 3000} {"service":"form-filler-api"}
22-09-04 11:20:27 [info] : Loaded environment configuration. Currently operating in dev environment.} {"service":"form-filler-api"}
22-09-04 11:20:27 [debug] : Listening on port 3000} {"service":"form-filler-api"}
22-09-04 11:20:47 [info] : Loaded environment configuration. Currently operating in dev environment.} {"service":"form-filler-api"}
22-09-04 11:20:48 [debug] : Listening on port 3000} {"service":"form-filler-api"}
22-09-04 11:22:34 [info] : Loaded environment configuration. Currently operating in dev environment.} {"service":"form-filler-api"}
22-09-04 11:22:35 [debug] : Listening on port 3000} {"service":"form-filler-api"}
22-09-04 11:24:04 [info] : Loaded environment configuration. Currently operating in dev environment.} {"service":"form-filler-api"}
22-09-04 11:24:04 [debug] : Listening on port 3000} {"service":"form-filler-api"}
22-09-04 11:26:04 [info] : Loaded environment configuration. Currently operating in dev environment.} {"service":"form-filler-api"}
22-09-04 11:26:04 [debug] : Listening on port 3000} {"service":"form-filler-api"}
22-09-04 21:33:28 [info] : Loaded environment configuration. Currently operating in dev environment.} {"service":"form-filler-api"}
22-09-04 21:33:28 [debug] : Listening on port 3000} {"service":"form-filler-api"}
22-09-04 21:33:53 [info] : Loaded environment configuration. Currently operating in dev environment.} {"service":"form-filler-api"}
22-09-04 21:33:53 [debug] : Listening on port 3000} {"service":"form-filler-api"}
22-09-04 21:36:40 [info] : Loaded environment configuration. Currently operating in dev environment.} {"service":"form-filler-api"}
22-09-04 21:36:40 [debug] : Listening on port 3000} {"service":"form-filler-api"}
22-09-04 21:38:19 [info] : Loaded environment configuration. Currently operating in dev environment.} {"service":"form-filler-api"}
22-09-04 21:38:19 [debug] : Listening on port 3000} {"service":"form-filler-api"}
22-09-04 21:38:20 [info] : Loaded environment configuration. Currently operating in dev environment.} {"service":"form-filler-api"}
22-09-04 21:38:20 [debug] : Listening on port 3000} {"service":"form-filler-api"}
22-09-04 21:38:25 [info] : Loaded environment configuration. Currently operating in dev environment.} {"service":"form-filler-api"}
22-09-04 21:38:25 [debug] : Listening on port 3000} {"service":"form-filler-api"}
22-09-04 21:38:41 [info] : Loaded environment configuration. Currently operating in dev environment.} {"service":"form-filler-api"}
22-09-04 21:38:41 [debug] : Listening on port 3000} {"service":"form-filler-api"}
22-09-04 21:39:14 [info] : Loaded environment configuration. Currently operating in dev environment.} {"service":"form-filler-api"}
22-09-04 21:39:15 [debug] : Listening on port 3000} {"service":"form-filler-api"}
22-09-04 21:39:29 [info] : Loaded environment configuration. Currently operating in dev environment.} {"service":"form-filler-api"}
22-09-04 21:39:29 [debug] : Listening on port 3000} {"service":"form-filler-api"}
22-09-04 21:40:35 [info] : Loaded environment configuration. Currently operating in dev environment.} {"service":"form-filler-api"}
22-09-04 21:44:03 [debug] : Listening on port 3000} {"service":"form-filler-api"}
22-09-04 21:47:27 [info] : Loaded environment configuration. Currently operating in dev environment.} {"service":"form-filler-api"}
22-09-04 21:47:30 [debug] : Listening on port 3000} {"service":"form-filler-api"}
22-09-04 21:47:45 [info] : Loaded environment configuration. Currently operating in dev environment.} {"service":"form-filler-api"}
22-09-04 21:47:49 [debug] : Listening on port 3000} {"service":"form-filler-api"}
